<?xml version="1.0" encoding="UTF-8"?>
<!-- Generated by org.testng.reporters.JUnitXMLReporter -->
<testsuite ignored="6" hostname="DESKTOP-QR8SFDD" failures="1" tests="28" name="C:/Users/Sampat/IdeaProjects/Maven_Demo_28Nov_Varsha" time="42.58" errors="0" timestamp="2024-03-04T19:03:56 IST">
  <testcase classname="testNG.Parameterization.WithParametrizationExample" name="verifyGoogleSearch" time="13.461"/>
  <testcase classname="testNG.Annotation.BeforeClassAfterClassAnnotation" name="testCase1" time="0.004"/>
  <testcase classname="testNG.Annotation.BeforeClassAfterClassAnnotation" name="testCase2" time="0.001"/>
  <testcase classname="testNG.Annotation.BeforeMethodAfterMethodDemo" name="testCase1" time="0.0"/>
  <testcase classname="testNG.Annotation.BeforeMethodAfterMethodDemo" name="testCase2" time="0.005"/>
  <testcase classname="testNG.Annotation.BeforeMethodAfterMethodExample" name="testCase1" time="2.159"/>
  <testcase classname="testNG.Annotation.BeforeMethodAfterMethodExample" name="testCase2" time="2.824"/>
  <testcase classname="testNG.Annotation.DependsOnGroupExample" name="verifyFundsTransfer" time="0.001"/>
  <testcase classname="testNG.Annotation.DependsOnMethodExample" name="verifyFundsTransfer" time="0.002"/>
  <testcase classname="testNG.Annotation.DependsOnMethodExample" name="verifyLogin" time="0.026">
    <skipped/>
  </testcase> <!-- verifyLogin -->
  <testcase classname="testNG.Annotation.DependsOnMethodExample" name="verifyLogin" time="0.001">
    <skipped/>
  </testcase> <!-- verifyLogin -->
  <testcase classname="testNG.Annotation.DependsOnMethodExample" name="verifyLogin" time="0.001">
    <skipped/>
  </testcase> <!-- verifyLogin -->
  <testcase classname="testNG.Annotation.DependsOnMethodExample" name="verifyLogin" time="0.0">
    <failure type="java.lang.AssertionError" message="expected [true] but found [false]">
      <![CDATA[java.lang.AssertionError: expected [true] but found [false]
at org.testng.Assert.fail(Assert.java:111)
at org.testng.Assert.failNotEquals(Assert.java:1578)
at org.testng.Assert.assertTrue(Assert.java:57)
at org.testng.Assert.assertTrue(Assert.java:67)
at testNG.Annotation.DependsOnMethodExample.verifyLogin(DependsOnMethodExample.java:10)
at java.base/jdk.internal.reflect.NativeMethodAccessorImpl.invoke0(Native Method)
at java.base/jdk.internal.reflect.NativeMethodAccessorImpl.invoke(NativeMethodAccessorImpl.java:62)
at java.base/jdk.internal.reflect.DelegatingMethodAccessorImpl.invoke(DelegatingMethodAccessorImpl.java:43)
at java.base/java.lang.reflect.Method.invoke(Method.java:566)
at org.testng.internal.invokers.MethodInvocationHelper.invokeMethod(MethodInvocationHelper.java:139)
at org.testng.internal.invokers.TestInvoker.invokeMethod(TestInvoker.java:664)
at org.testng.internal.invokers.TestInvoker.retryFailed(TestInvoker.java:249)
at org.testng.internal.invokers.MethodRunner.runInSequence(MethodRunner.java:76)
at org.testng.internal.invokers.TestInvoker$MethodInvocationAgent.invoke(TestInvoker.java:961)
at org.testng.internal.invokers.TestInvoker.invokeTestMethods(TestInvoker.java:201)
at org.testng.internal.invokers.TestMethodWorker.invokeTestMethods(TestMethodWorker.java:148)
at org.testng.internal.invokers.TestMethodWorker.run(TestMethodWorker.java:128)
at java.base/java.util.ArrayList.forEach(ArrayList.java:1541)
at org.testng.TestRunner.privateRun(TestRunner.java:819)
at org.testng.TestRunner.run(TestRunner.java:619)
at org.testng.SuiteRunner.runTest(SuiteRunner.java:443)
at org.testng.SuiteRunner.runSequentially(SuiteRunner.java:437)
at org.testng.SuiteRunner.privateRun(SuiteRunner.java:397)
at org.testng.SuiteRunner.run(SuiteRunner.java:336)
at org.testng.SuiteRunnerWorker.runSuite(SuiteRunnerWorker.java:52)
at org.testng.SuiteRunnerWorker.run(SuiteRunnerWorker.java:95)
at org.testng.TestNG.runSuitesSequentially(TestNG.java:1301)
at org.testng.TestNG.runSuitesLocally(TestNG.java:1228)
at org.testng.TestNG.runSuites(TestNG.java:1134)
at org.testng.TestNG.run(TestNG.java:1101)
at com.intellij.rt.testng.IDEARemoteTestNG.run(IDEARemoteTestNG.java:65)
at com.intellij.rt.testng.RemoteTestNGStarter.main(RemoteTestNGStarter.java:105)
]]>
    </failure>
  </testcase> <!-- verifyLogin -->
  <testcase classname="testNG.Annotation.InvocationCountExample" name="iCountExample" time="0.014"/>
  <testcase classname="testNG.BasicTestNGExample" name="testCase1" time="5.405"/>
  <testcase classname="testNG.BasicTestNGExample" name="testCase2" time="5.037"/>
  <testcase classname="testNG.Priority.PriorityExample" name="testScriptB" time="0.006"/>
  <testcase classname="testNG.Priority.PriorityExample" name="testScriptC" time="0.001"/>
  <testcase classname="testNG.Priority.PriorityExample" name="testScriptD" time="0.0"/>
  <testcase classname="testNG.Priority.PriorityExample" name="testScriptA" time="0.001"/>
  <testcase classname="testNG.Priority.PriorityExample" name="testScriptF" time="0.0"/>
  <testcase classname="testNG.Priority.PriorityExample" name="testScriptE" time="0.001"/>
  <testcase classname="testNG.Priority.WithoutPriorityExample" name="testScriptA" time="0.0"/>
  <testcase classname="testNG.Priority.WithoutPriorityExample" name="testScriptB" time="0.001"/>
  <testcase classname="testNG.Priority.WithoutPriorityExample" name="testScriptC" time="0.001"/>
  <testcase classname="testNG.Priority.WithoutPriorityExample" name="testScriptD" time="0.001"/>
  <testcase classname="testNG.Priority.WithoutPriorityExample" name="testScriptE" time="0.001"/>
  <testcase classname="testNG.Priority.WithoutPriorityExample" name="testScriptF" time="0.001"/>
  <testcase classname="testNG.Annotation.DependsOnGroupExample" name="verifyCashBackOffer" time="0.0">
    <ignored/>
  </testcase> <!-- verifyCashBackOffer -->
  <testcase classname="testNG.Annotation.DependsOnGroupExample" name="verifyLogin" time="0.0">
    <ignored/>
  </testcase> <!-- verifyLogin -->
  <testcase classname="testNG.Annotation.DependsOnMethodExample" name="verifyHomePage" time="0.0">
    <ignored/>
  </testcase> <!-- verifyHomePage -->
  <testcase classname="testNG.Annotation.DependsOnMethodExample" name="verifyMyCashBackOffer" time="0.0">
    <ignored/>
  </testcase> <!-- verifyMyCashBackOffer -->
  <testcase classname="testNG.Annotation.DependsOnGroupExample" name="verifyHomePage" time="0.0">
    <ignored/>
  </testcase> <!-- verifyHomePage -->
  <testcase classname="testNG.Annotation.DependsOnMethodExample" name="verifyLogin2" time="0.0">
    <ignored/>
  </testcase> <!-- verifyLogin2 -->
</testsuite> <!-- C:/Users/Sampat/IdeaProjects/Maven_Demo_28Nov_Varsha -->
